Determining if the pthread_create exist failed with the following output:
Change Dir: /home/wangzhiyong/catkin_homeword/build/CMakeFiles/CMakeTmp

Run Build Command:"/usr/bin/make" "cmTC_67b75/fast"
/usr/bin/make -f CMakeFiles/cmTC_67b75.dir/build.make CMakeFiles/cmTC_67b75.dir/build
make[1]: Entering directory '/home/wangzhiyong/catkin_homeword/build/CMakeFiles/CMakeTmp'
Building C object CMakeFiles/cmTC_67b75.dir/CheckSymbolExists.c.o
/usr/bin/cc    -o CMakeFiles/cmTC_67b75.dir/CheckSymbolExists.c.o   -c /home/wangzhiyong/catkin_homeword/build/CMakeFiles/CMakeTmp/CheckSymbolExists.c
Linking C executable cmTC_67b75
/usr/local/bin/cmake -E cmake_link_script CMakeFiles/cmTC_67b75.dir/link.txt --verbose=1
/usr/bin/cc      -rdynamic CMakeFiles/cmTC_67b75.dir/CheckSymbolExists.c.o  -o cmTC_67b75 
CMakeFiles/cmTC_67b75.dir/CheckSymbolExists.c.o：在函数‘main’中：
CheckSymbolExists.c:(.text+0x16)：对‘pthread_create’未定义的引用
collect2: error: ld returned 1 exit status
CMakeFiles/cmTC_67b75.dir/build.make:86: recipe for target 'cmTC_67b75' failed
make[1]: *** [cmTC_67b75] Error 1
make[1]: Leaving directory '/home/wangzhiyong/catkin_homeword/build/CMakeFiles/CMakeTmp'
Makefile:121: recipe for target 'cmTC_67b75/fast' failed
make: *** [cmTC_67b75/fast] Error 2

File /home/wangzhiyong/catkin_homeword/build/CMakeFiles/CMakeTmp/CheckSymbolExists.c:
/* */
#include <pthread.h>

int main(int argc, char** argv)
{
  (void)argv;
#ifndef pthread_create
  return ((int*)(&pthread_create))[argc];
#else
  (void)argc;
  return 0;
#endif
}

Determining if the function pthread_create exists in the pthreads failed with the following output:
Change Dir: /home/wangzhiyong/catkin_homeword/build/CMakeFiles/CMakeTmp

Run Build Command:"/usr/bin/make" "cmTC_509eb/fast"
/usr/bin/make -f CMakeFiles/cmTC_509eb.dir/build.make CMakeFiles/cmTC_509eb.dir/build
make[1]: Entering directory '/home/wangzhiyong/catkin_homeword/build/CMakeFiles/CMakeTmp'
Building C object CMakeFiles/cmTC_509eb.dir/CheckFunctionExists.c.o
/usr/bin/cc   -DCHECK_FUNCTION_EXISTS=pthread_create   -o CMakeFiles/cmTC_509eb.dir/CheckFunctionExists.c.o   -c /usr/local/share/cmake-3.12/Modules/CheckFunctionExists.c
Linking C executable cmTC_509eb
/usr/local/bin/cmake -E cmake_link_script CMakeFiles/cmTC_509eb.dir/link.txt --verbose=1
/usr/bin/cc  -DCHECK_FUNCTION_EXISTS=pthread_create    -rdynamic CMakeFiles/cmTC_509eb.dir/CheckFunctionExists.c.o  -o cmTC_509eb -lpthreads 
/usr/bin/ld: 找不到 -lpthreads
collect2: error: ld returned 1 exit status
CMakeFiles/cmTC_509eb.dir/build.make:86: recipe for target 'cmTC_509eb' failed
make[1]: *** [cmTC_509eb] Error 1
make[1]: Leaving directory '/home/wangzhiyong/catkin_homeword/build/CMakeFiles/CMakeTmp'
Makefile:121: recipe for target 'cmTC_509eb/fast' failed
make: *** [cmTC_509eb/fast] Error 2


